0 info it worked if it ends with ok
1 verbose cli [ 'node', '/usr/local/bin/npm', 'run', 'test-all' ]
2 info using npm@2.11.2
3 info using node@v0.12.5
4 verbose node symlink /usr/local/bin/node
5 verbose run-script [ 'pretest-all', 'test-all', 'posttest-all' ]
6 info pretest-all exercises@
7 info test-all exercises@
8 verbose unsafe-perm in lifecycle true
9 info exercises@ Failed to exec test-all script
10 verbose stack Error: exercises@ test-all: `mocha '**/test.js'`
10 verbose stack Exit status 60
10 verbose stack     at EventEmitter.<anonymous> (/usr/local/lib/node_modules/npm/lib/utils/lifecycle.js:213:16)
10 verbose stack     at EventEmitter.emit (events.js:110:17)
10 verbose stack     at ChildProcess.<anonymous> (/usr/local/lib/node_modules/npm/lib/utils/spawn.js:24:14)
10 verbose stack     at ChildProcess.emit (events.js:110:17)
10 verbose stack     at maybeClose (child_process.js:1015:16)
10 verbose stack     at Process.ChildProcess._handle.onexit (child_process.js:1087:5)
11 verbose pkgid exercises@
12 verbose cwd /Users/michaelarnold/Code/exercises
13 error Darwin 15.0.0
14 error argv "node" "/usr/local/bin/npm" "run" "test-all"
15 error node v0.12.5
16 error npm  v2.11.2
17 error code ELIFECYCLE
18 error exercises@ test-all: `mocha '**/test.js'`
18 error Exit status 60
19 error Failed at the exercises@ test-all script 'mocha '**/test.js''.
19 error This is most likely a problem with the exercises package,
19 error not with npm itself.
19 error Tell the author that this fails on your system:
19 error     mocha '**/test.js'
19 error You can get their info via:
19 error     npm owner ls exercises
19 error There is likely additional logging output above.
20 verbose exit [ 1, true ]
